<?xml version="1.0" encoding="UTF-8"?>
<robot generator="Robot 7.2.2 (Python 3.13.3 on win32)" generated="2025-08-03T16:49:09.292782" rpa="false" schemaversion="5">
<suite id="s1" name="Customer Service" source="C:\Users\Dell\Documents\Exam_Qa_test\lab1\testcases\customer_service.robot">
<kw name="Préparer environnement test" owner="common" type="SETUP">
<kw name="Open Browser" owner="SeleniumLibrary">
<msg time="2025-08-03T16:49:09.545569" level="INFO">Opening browser 'Chrome' to base url 'https://automationplayground.com/crm/'.</msg>
<arg>${URL}</arg>
<arg>${BROWSER}</arg>
<doc>Opens a new browser instance to the optional ``url``.</doc>
<status status="PASS" start="2025-08-03T16:49:09.545241" elapsed="5.858916"/>
</kw>
<kw name="Maximize Browser Window" owner="SeleniumLibrary">
<doc>Maximizes current browser window.</doc>
<status status="PASS" start="2025-08-03T16:49:15.404623" elapsed="0.133303"/>
</kw>
<kw name="Set Selenium Speed" owner="SeleniumLibrary">
<arg>0.5s</arg>
<doc>Sets the delay that is waited after each Selenium command.</doc>
<status status="PASS" start="2025-08-03T16:49:15.538243" elapsed="0.000426"/>
</kw>
<kw name="Set Selenium Timeout" owner="SeleniumLibrary">
<arg>10s</arg>
<doc>Sets the timeout that is used by various keywords.</doc>
<status status="PASS" start="2025-08-03T16:49:15.538876" elapsed="0.502906"/>
</kw>
<kw name="Execute Javascript" owner="SeleniumLibrary">
<msg time="2025-08-03T16:49:16.043724" level="INFO">Executing JavaScript:
return navigator.language || navigator.userLanguage;
Without any arguments.</msg>
<msg time="2025-08-03T16:49:16.560310" level="INFO">${language} = fr-FR</msg>
<var>${language}</var>
<arg>return navigator.language || navigator.userLanguage;</arg>
<doc>Executes the given JavaScript code with possible arguments.</doc>
<status status="PASS" start="2025-08-03T16:49:16.042342" elapsed="0.518103"/>
</kw>
<kw name="Evaluate" owner="BuiltIn">
<msg time="2025-08-03T16:49:16.562446" level="INFO">${lang_code} = fr</msg>
<var>${lang_code}</var>
<arg>'${language.split("-")[0]}'.lower()</arg>
<doc>Evaluates the given expression in Python and returns the result.</doc>
<status status="PASS" start="2025-08-03T16:49:16.560834" elapsed="0.001677"/>
</kw>
<kw name="Set Suite Variable" owner="BuiltIn">
<msg time="2025-08-03T16:49:16.563124" level="INFO">${LANG} = fr</msg>
<arg>${LANG}</arg>
<arg>${lang_code}</arg>
<doc>Makes a variable available everywhere within the scope of the current suite.</doc>
<status status="PASS" start="2025-08-03T16:49:16.562776" elapsed="0.000422"/>
</kw>
<doc>Prépare le navigateur et configure les délais.</doc>
<status status="PASS" start="2025-08-03T16:49:09.544547" elapsed="7.018790"/>
</kw>
<test id="s1-t1" name="TC-1001 Home Page Should Load Correctly" line="11">
<kw name="Set Variable" owner="BuiltIn">
<msg time="2025-08-03T16:49:16.565009" level="INFO">${expected_msg} = Les clients sont la priorité numéro un !</msg>
<var>${expected_msg}</var>
<arg>${VALID_MSG_HOME_${LANG}}</arg>
<doc>Returns the given values which can then be assigned to a variables.</doc>
<status status="PASS" start="2025-08-03T16:49:16.564578" elapsed="0.000491"/>
</kw>
<kw name="Exécuter scénario" owner="common">
<kw name="Afficher informations testeur" owner="common">
<kw name="Log" owner="BuiltIn">
<msg time="2025-08-03T16:49:16.566826" level="INFO">Testeur: testuser@example.com</msg>
<arg>Testeur: ${VALID_USERNAME_AUTOMATION}</arg>
<arg>console=True</arg>
<doc>Logs the given message with the given level.</doc>
<status status="PASS" start="2025-08-03T16:49:16.566540" elapsed="0.000742"/>
</kw>
<doc>Affiche les infos du testeur en console.</doc>
<status status="PASS" start="2025-08-03T16:49:16.566243" elapsed="0.001246"/>
</kw>
<kw name="Vérifier message de réussite" owner="common">
<kw name="Get Text" owner="SeleniumLibrary">
<msg time="2025-08-03T16:49:17.617462" level="INFO">${page_text} = Customers Are Priority One!</msg>
<var>${page_text}</var>
<arg>${HOME_PAGE_TEXT}</arg>
<doc>Returns the text value of the element identified by ``locator``.</doc>
<status status="PASS" start="2025-08-03T16:49:16.568158" elapsed="1.049497"/>
</kw>
<kw name="Run Keyword If" owner="BuiltIn">
<kw name="Log" owner="BuiltIn">
<msg time="2025-08-03T16:49:17.620412" level="INFO">Message trouvé en anglais : Customers Are Priority One!</msg>
<arg>Message trouvé en anglais : ${VALID_MSG_HOME_en}</arg>
<arg>console=True</arg>
<doc>Logs the given message with the given level.</doc>
<status status="PASS" start="2025-08-03T16:49:17.619801" elapsed="0.001266"/>
</kw>
<arg>'${expected_msg}' in '${page_text}'</arg>
<arg>Log</arg>
<arg>Message attendu trouvé : ${expected_msg}</arg>
<arg>console=True</arg>
<arg>ELSE IF</arg>
<arg>'${VALID_MSG_HOME_en}' in '${page_text}'</arg>
<arg>Log</arg>
<arg>Message trouvé en anglais : ${VALID_MSG_HOME_en}</arg>
<arg>console=True</arg>
<arg>ELSE IF</arg>
<arg>'${VALID_MSG_HOME_fr}' in '${page_text}'</arg>
<arg>Log</arg>
<arg>Message trouvé en français : ${VALID_MSG_HOME_fr}</arg>
<arg>console=True</arg>
<arg>ELSE</arg>
<arg>Fail</arg>
<arg>Aucun message attendu trouvé dans la page.</arg>
<doc>Runs the given keyword with the given arguments, if ``condition`` is true.</doc>
<status status="PASS" start="2025-08-03T16:49:17.618268" elapsed="0.003067"/>
</kw>
<arg>${expected_msg}</arg>
<doc>Vérifie la présence du message attendu sur la homepage.</doc>
<status status="PASS" start="2025-08-03T16:49:16.567750" elapsed="1.053934"/>
</kw>
<arg>${expected_msg}</arg>
<status status="PASS" start="2025-08-03T16:49:16.565741" elapsed="1.056140"/>
</kw>
<kw name="Run Keywords" owner="BuiltIn" type="TEARDOWN">
<kw name="Capture Screenshot If Test Failed" owner="common">
<kw name="Run Keyword If Test Failed" owner="BuiltIn">
<arg>Capture Page Screenshot</arg>
<doc>Runs the given keyword with the given arguments, if the test failed.</doc>
<status status="PASS" start="2025-08-03T16:49:17.624955" elapsed="0.000525"/>
</kw>
<kw name="Run Keyword If Test Failed" owner="BuiltIn">
<arg>Log Source</arg>
<doc>Runs the given keyword with the given arguments, if the test failed.</doc>
<status status="PASS" start="2025-08-03T16:49:17.626001" elapsed="0.000283"/>
</kw>
<doc>Capture une capture d’écran si le test échoue.</doc>
<status status="PASS" start="2025-08-03T16:49:17.623766" elapsed="0.002741"/>
</kw>
<kw name="Logout User" owner="common">
<kw name="Click Element" owner="SeleniumLibrary">
<msg time="2025-08-03T16:49:17.628400" level="INFO">Clicking element 'xpath=/html/body/nav/ul/li/a'.</msg>
<arg>${LOGOUT_LINK}</arg>
<doc>Click the element identified by ``locator``.</doc>
<status status="PASS" start="2025-08-03T16:49:17.627844" elapsed="1.585464"/>
</kw>
<doc>Effectue la déconnexion.</doc>
<status status="PASS" start="2025-08-03T16:49:17.626983" elapsed="1.586696"/>
</kw>
<arg>Capture Screenshot If Test Failed</arg>
<arg>AND</arg>
<arg>Logout User</arg>
<doc>Executes all the given keywords in a sequence.</doc>
<status status="PASS" start="2025-08-03T16:49:17.623102" elapsed="1.590778"/>
</kw>
<doc>Vérifie que la page d'accueil est bien chargée.</doc>
<status status="PASS" start="2025-08-03T16:49:16.563475" elapsed="2.651340"/>
</test>
<test id="s1-t2" name="TC-1002 Valid Login Should Redirect To Contacts Page" line="16">
<kw name="Navigate To Login Page" owner="common">
<kw name="Go To" owner="SeleniumLibrary">
<msg time="2025-08-03T16:49:19.222171" level="INFO">Opening url 'https://automationplayground.com/crm/'</msg>
<arg>${URL}</arg>
<doc>Navigates the current browser window to the provided ``url``.</doc>
<status status="PASS" start="2025-08-03T16:49:19.221579" elapsed="0.638991"/>
</kw>
<kw name="Click Element" owner="SeleniumLibrary">
<msg time="2025-08-03T16:49:19.861649" level="INFO">Clicking element 'xpath=/html/body/nav/ul/li/a'.</msg>
<arg>${LOGIN_LINK}</arg>
<doc>Click the element identified by ``locator``.</doc>
<status status="PASS" start="2025-08-03T16:49:19.861059" elapsed="1.194727"/>
</kw>
<kw name="Wait Until Page Contains Element" owner="SeleniumLibrary">
<arg>${LOGIN_FORM}</arg>
<arg>10s</arg>
<doc>Waits until the element ``locator`` appears on the current page.</doc>
<status status="PASS" start="2025-08-03T16:49:21.056343" elapsed="0.531382"/>
</kw>
<doc>Clique sur le lien "Login" depuis la page d’accueil.</doc>
<status status="PASS" start="2025-08-03T16:49:19.218811" elapsed="2.369134"/>
</kw>
<kw name="Enter Valid Credentials" owner="common">
<kw name="Input Text" owner="SeleniumLibrary">
<msg time="2025-08-03T16:49:21.589516" level="INFO">Typing text 'testuser@example.com' into text field 'id=email-id'.</msg>
<arg>${LOGIN_EMAIL}</arg>
<arg>${VALID_USERNAME_AUTOMATION}</arg>
<doc>Types the given ``text`` into the text field identified by ``locator``.</doc>
<status status="PASS" start="2025-08-03T16:49:21.589091" elapsed="1.745864"/>
</kw>
<kw name="Input Password" owner="SeleniumLibrary">
<msg time="2025-08-03T16:49:23.336129" level="INFO">Typing password into text field 'id=password'.</msg>
<msg time="2025-08-03T16:49:24.485511" level="INFO">Temporally setting log level to: NONE</msg>
<arg>${LOGIN_PASSWORD}</arg>
<arg>${VALID_PASSWORD_AUTOMATION}</arg>
<doc>Types the given password into the text field identified by ``locator``.</doc>
<status status="PASS" start="2025-08-03T16:49:23.335491" elapsed="1.886208"/>
</kw>
<doc>Saisie des identifiants valides.</doc>
<status status="PASS" start="2025-08-03T16:49:21.588558" elapsed="3.633320"/>
</kw>
<kw name="Submit Login Form" owner="common">
<kw name="Click Element" owner="SeleniumLibrary">
<msg time="2025-08-03T16:49:25.225982" level="INFO">Clicking element 'id=submit-id'.</msg>
<arg>${LOGIN_SUBMIT_BUTTON}</arg>
<doc>Click the element identified by ``locator``.</doc>
<status status="PASS" start="2025-08-03T16:49:25.224815" elapsed="1.407490"/>
</kw>
<kw name="Wait Until Page Contains Element" owner="SeleniumLibrary">
<arg>${CONTACTS_TABLE}</arg>
<arg>5s</arg>
<doc>Waits until the element ``locator`` appears on the current page.</doc>
<status status="PASS" start="2025-08-03T16:49:26.632666" elapsed="0.679403"/>
</kw>
<doc>Soumet le formulaire de connexion.</doc>
<status status="PASS" start="2025-08-03T16:49:25.223130" elapsed="2.089108"/>
</kw>
<kw name="Set Variable" owner="BuiltIn">
<msg time="2025-08-03T16:49:27.313065" level="INFO">${expected_msg} = Nos clients satisfaits</msg>
<var>${expected_msg}</var>
<arg>${VALID_MSG_POST_LOGIN_${LANG}}</arg>
<doc>Returns the given values which can then be assigned to a variables.</doc>
<status status="PASS" start="2025-08-03T16:49:27.312670" elapsed="0.000435"/>
</kw>
<kw name="Vérifier message de réussite login" owner="common">
<kw name="Wait Until Element Is Visible" owner="SeleniumLibrary">
<arg>${DASHBOARD_TEXT}</arg>
<arg>10s</arg>
<doc>Waits until the element ``locator`` is visible.</doc>
<status status="PASS" start="2025-08-03T16:49:27.313933" elapsed="1.079173"/>
</kw>
<kw name="Get Text" owner="SeleniumLibrary">
<msg time="2025-08-03T16:49:29.496623" level="INFO">${page_text} = Our Happy Customers</msg>
<var>${page_text}</var>
<arg>${DASHBOARD_TEXT}</arg>
<doc>Returns the text value of the element identified by ``locator``.</doc>
<status status="PASS" start="2025-08-03T16:49:28.393679" elapsed="1.103011"/>
</kw>
<kw name="Run Keyword If" owner="BuiltIn">
<kw name="Log" owner="BuiltIn">
<msg time="2025-08-03T16:49:29.498921" level="INFO">Message trouvé en anglais : Our Happy Customers</msg>
<arg>Message trouvé en anglais : ${VALID_MSG_POST_LOGIN_en}</arg>
<arg>console=True</arg>
<doc>Logs the given message with the given level.</doc>
<status status="PASS" start="2025-08-03T16:49:29.497459" elapsed="0.001778"/>
</kw>
<arg>'${expected_msg}' in '${page_text}'</arg>
<arg>Log</arg>
<arg>Message attendu trouvé : ${expected_msg}</arg>
<arg>console=True</arg>
<arg>ELSE IF</arg>
<arg>'${VALID_MSG_POST_LOGIN_en}' in '${page_text}'</arg>
<arg>Log</arg>
<arg>Message trouvé en anglais : ${VALID_MSG_POST_LOGIN_en}</arg>
<arg>console=True</arg>
<arg>ELSE IF</arg>
<arg>'${VALID_MSG_POST_LOGIN_fr}' in '${page_text}'</arg>
<arg>Log</arg>
<arg>Message trouvé en français : ${VALID_MSG_POST_LOGIN_fr}</arg>
<arg>console=True</arg>
<arg>ELSE</arg>
<arg>Fail</arg>
<arg>Aucun message de succès trouvé.</arg>
<doc>Runs the given keyword with the given arguments, if ``condition`` is true.</doc>
<status status="PASS" start="2025-08-03T16:49:29.496944" elapsed="0.002405"/>
</kw>
<arg>${expected_msg}</arg>
<status status="PASS" start="2025-08-03T16:49:27.313549" elapsed="2.185955"/>
</kw>
<kw name="Run Keywords" owner="BuiltIn" type="TEARDOWN">
<kw name="Capture Screenshot If Test Failed" owner="common">
<kw name="Run Keyword If Test Failed" owner="BuiltIn">
<arg>Capture Page Screenshot</arg>
<doc>Runs the given keyword with the given arguments, if the test failed.</doc>
<status status="PASS" start="2025-08-03T16:49:29.500603" elapsed="0.000142"/>
</kw>
<kw name="Run Keyword If Test Failed" owner="BuiltIn">
<arg>Log Source</arg>
<doc>Runs the given keyword with the given arguments, if the test failed.</doc>
<status status="PASS" start="2025-08-03T16:49:29.500904" elapsed="0.000130"/>
</kw>
<doc>Capture une capture d’écran si le test échoue.</doc>
<status status="PASS" start="2025-08-03T16:49:29.500238" elapsed="0.000914"/>
</kw>
<kw name="Logout User" owner="common">
<kw name="Click Element" owner="SeleniumLibrary">
<msg time="2025-08-03T16:49:29.502108" level="INFO">Clicking element 'xpath=/html/body/nav/ul/li/a'.</msg>
<arg>${LOGOUT_LINK}</arg>
<doc>Click the element identified by ``locator``.</doc>
<status status="PASS" start="2025-08-03T16:49:29.501805" elapsed="1.517193"/>
</kw>
<doc>Effectue la déconnexion.</doc>
<status status="PASS" start="2025-08-03T16:49:29.501413" elapsed="1.517804"/>
</kw>
<arg>Capture Screenshot If Test Failed</arg>
<arg>AND</arg>
<arg>Logout User</arg>
<doc>Executes all the given keywords in a sequence.</doc>
<status status="PASS" start="2025-08-03T16:49:29.499937" elapsed="1.519389"/>
</kw>
<doc>Vérifie que le login fonctionne avec des identifiants valides.</doc>
<status status="PASS" start="2025-08-03T16:49:19.216817" elapsed="11.802886"/>
</test>
<test id="s1-t3" name="TC-1003-1 Empty Credentials Should Prevent Submission" line="24">
<kw name="Navigate To Login Page" owner="common">
<kw name="Go To" owner="SeleniumLibrary">
<msg time="2025-08-03T16:49:31.022494" level="INFO">Opening url 'https://automationplayground.com/crm/'</msg>
<arg>${URL}</arg>
<doc>Navigates the current browser window to the provided ``url``.</doc>
<status status="PASS" start="2025-08-03T16:49:31.022212" elapsed="0.673640"/>
</kw>
<kw name="Click Element" owner="SeleniumLibrary">
<msg time="2025-08-03T16:49:31.696783" level="INFO">Clicking element 'xpath=/html/body/nav/ul/li/a'.</msg>
<arg>${LOGIN_LINK}</arg>
<doc>Click the element identified by ``locator``.</doc>
<status status="PASS" start="2025-08-03T16:49:31.696303" elapsed="1.249055"/>
</kw>
<kw name="Wait Until Page Contains Element" owner="SeleniumLibrary">
<arg>${LOGIN_FORM}</arg>
<arg>10s</arg>
<doc>Waits until the element ``locator`` appears on the current page.</doc>
<status status="PASS" start="2025-08-03T16:49:32.945626" elapsed="0.554776"/>
</kw>
<doc>Clique sur le lien "Login" depuis la page d’accueil.</doc>
<status status="PASS" start="2025-08-03T16:49:31.021740" elapsed="2.479141"/>
</kw>
<kw name="Click Element" owner="SeleniumLibrary">
<msg time="2025-08-03T16:49:33.502901" level="INFO">Clicking element 'id=submit-id'.</msg>
<arg>${LOGIN_SUBMIT_BUTTON}</arg>
<doc>Click the element identified by ``locator``.</doc>
<status status="PASS" start="2025-08-03T16:49:33.502078" elapsed="1.129718"/>
</kw>
<kw name="Verify Required Fields Enforcement" owner="common">
<kw name="Element Attribute Value Should Be" owner="SeleniumLibrary">
<msg time="2025-08-03T16:49:35.702086" level="INFO">Element 'id=email-id' attribute 'required' contains value 'true'.</msg>
<arg>${LOGIN_EMAIL}</arg>
<arg>required</arg>
<arg>true</arg>
<doc>Verifies element identified by ``locator`` contains expected attribute value.</doc>
<status status="PASS" start="2025-08-03T16:49:34.633541" elapsed="1.068831"/>
</kw>
<kw name="Element Attribute Value Should Be" owner="SeleniumLibrary">
<msg time="2025-08-03T16:49:36.758657" level="INFO">Element 'id=password' attribute 'required' contains value 'true'.</msg>
<arg>${LOGIN_PASSWORD}</arg>
<arg>required</arg>
<arg>true</arg>
<doc>Verifies element identified by ``locator`` contains expected attribute value.</doc>
<status status="PASS" start="2025-08-03T16:49:35.703069" elapsed="1.055806"/>
</kw>
<kw name="Wait Until Element Is Visible" owner="SeleniumLibrary">
<arg>${LOGIN_FORM}</arg>
<arg>5s</arg>
<doc>Waits until the element ``locator`` is visible.</doc>
<status status="PASS" start="2025-08-03T16:49:36.759175" elapsed="1.042219"/>
</kw>
<doc>Vérifie que les champs requis empêchent la soumission.</doc>
<status status="PASS" start="2025-08-03T16:49:34.632997" elapsed="3.168625"/>
</kw>
<kw name="Set Variable" owner="BuiltIn">
<msg time="2025-08-03T16:49:37.802673" level="INFO">${expected_msg} = Se connecter</msg>
<var>${expected_msg}</var>
<arg>${INVALID_MSG_LOGIN_${LANG}}</arg>
<doc>Returns the given values which can then be assigned to a variables.</doc>
<status status="PASS" start="2025-08-03T16:49:37.802328" elapsed="0.000380"/>
</kw>
<kw name="Vérifier message d'échec login" owner="common">
<kw name="Get Text" owner="SeleniumLibrary">
<msg time="2025-08-03T16:49:38.882257" level="INFO">${page_text} = Login</msg>
<var>${page_text}</var>
<arg>${LOGIN_PAGE_TEXT}</arg>
<doc>Returns the text value of the element identified by ``locator``.</doc>
<status status="PASS" start="2025-08-03T16:49:37.803486" elapsed="1.078869"/>
</kw>
<kw name="Run Keyword If" owner="BuiltIn">
<kw name="Log" owner="BuiltIn">
<msg time="2025-08-03T16:49:38.883715" level="INFO">Message trouvé en anglais : Login</msg>
<arg>Message trouvé en anglais : ${INVALID_MSG_LOGIN_en}</arg>
<arg>console=True</arg>
<doc>Logs the given message with the given level.</doc>
<status status="PASS" start="2025-08-03T16:49:38.883411" elapsed="0.000813"/>
</kw>
<arg>'${expected_msg}' in '${page_text}'</arg>
<arg>Log</arg>
<arg>Message attendu trouvé : ${expected_msg}</arg>
<arg>console=True</arg>
<arg>ELSE IF</arg>
<arg>'${INVALID_MSG_LOGIN_en}' in '${page_text}'</arg>
<arg>Log</arg>
<arg>Message trouvé en anglais : ${INVALID_MSG_LOGIN_en}</arg>
<arg>console=True</arg>
<arg>ELSE IF</arg>
<arg>'${INVALID_MSG_LOGIN_fr}' in '${page_text}'</arg>
<arg>Log</arg>
<arg>Message trouvé en français : ${INVALID_MSG_LOGIN_fr}</arg>
<arg>console=True</arg>
<arg>ELSE</arg>
<arg>Fail</arg>
<arg>Aucun message d’échec trouvé.</arg>
<doc>Runs the given keyword with the given arguments, if ``condition`` is true.</doc>
<status status="PASS" start="2025-08-03T16:49:38.882686" elapsed="0.001698"/>
</kw>
<arg>${expected_msg}</arg>
<status status="PASS" start="2025-08-03T16:49:37.803165" elapsed="1.081464"/>
</kw>
<kw name="Page Should Not Contain Element" owner="SeleniumLibrary">
<msg time="2025-08-03T16:49:39.412518" level="INFO">Current page does not contain element 'id=customers'.</msg>
<arg>${CUSTOMERS_TABLE}</arg>
<doc>Verifies that element ``locator`` is not found on the current page.</doc>
<status status="PASS" start="2025-08-03T16:49:38.885074" elapsed="0.527660"/>
</kw>
<kw name="Run Keywords" owner="BuiltIn" type="TEARDOWN">
<kw name="Capture Screenshot If Test Failed" owner="common">
<kw name="Run Keyword If Test Failed" owner="BuiltIn">
<arg>Capture Page Screenshot</arg>
<doc>Runs the given keyword with the given arguments, if the test failed.</doc>
<status status="PASS" start="2025-08-03T16:49:39.414869" elapsed="0.000166"/>
</kw>
<kw name="Run Keyword If Test Failed" owner="BuiltIn">
<arg>Log Source</arg>
<doc>Runs the given keyword with the given arguments, if the test failed.</doc>
<status status="PASS" start="2025-08-03T16:49:39.415209" elapsed="0.000129"/>
</kw>
<doc>Capture une capture d’écran si le test échoue.</doc>
<status status="PASS" start="2025-08-03T16:49:39.414311" elapsed="0.001122"/>
</kw>
<kw name="Logout User" owner="common">
<kw name="Click Element" owner="SeleniumLibrary">
<msg time="2025-08-03T16:49:39.416579" level="INFO">Clicking element 'xpath=/html/body/nav/ul/li/a'.</msg>
<arg>${LOGOUT_LINK}</arg>
<doc>Click the element identified by ``locator``.</doc>
<status status="PASS" start="2025-08-03T16:49:39.416262" elapsed="1.274522"/>
</kw>
<doc>Effectue la déconnexion.</doc>
<status status="PASS" start="2025-08-03T16:49:39.415750" elapsed="1.275385"/>
</kw>
<arg>Capture Screenshot If Test Failed</arg>
<arg>AND</arg>
<arg>Logout User</arg>
<doc>Executes all the given keywords in a sequence.</doc>
<status status="PASS" start="2025-08-03T16:49:39.413640" elapsed="1.277619"/>
</kw>
<doc>Vérifie que les champs obligatoires empêchent la soumission.</doc>
<status status="PASS" start="2025-08-03T16:49:31.020819" elapsed="9.670695"/>
</test>
<test id="s1-t4" name="TC-1003-2 Remember Me Should Persist Email" line="33">
<kw name="Navigate To Login Page" owner="common">
<kw name="Go To" owner="SeleniumLibrary">
<msg time="2025-08-03T16:49:40.694793" level="INFO">Opening url 'https://automationplayground.com/crm/'</msg>
<arg>${URL}</arg>
<doc>Navigates the current browser window to the provided ``url``.</doc>
<status status="PASS" start="2025-08-03T16:49:40.694618" elapsed="0.705023"/>
</kw>
<kw name="Click Element" owner="SeleniumLibrary">
<msg time="2025-08-03T16:49:41.400626" level="INFO">Clicking element 'xpath=/html/body/nav/ul/li/a'.</msg>
<arg>${LOGIN_LINK}</arg>
<doc>Click the element identified by ``locator``.</doc>
<status status="PASS" start="2025-08-03T16:49:41.400119" elapsed="1.266373"/>
</kw>
<kw name="Wait Until Page Contains Element" owner="SeleniumLibrary">
<arg>${LOGIN_FORM}</arg>
<arg>10s</arg>
<doc>Waits until the element ``locator`` appears on the current page.</doc>
<status status="PASS" start="2025-08-03T16:49:42.666946" elapsed="0.520056"/>
</kw>
<doc>Clique sur le lien "Login" depuis la page d’accueil.</doc>
<status status="PASS" start="2025-08-03T16:49:40.694290" elapsed="2.493008"/>
</kw>
<kw name="Enter Valid Credentials" owner="common">
<kw name="Input Text" owner="SeleniumLibrary">
<msg time="2025-08-03T16:49:43.189522" level="INFO">Typing text 'testuser@example.com' into text field 'id=email-id'.</msg>
<arg>${LOGIN_EMAIL}</arg>
<arg>${VALID_USERNAME_AUTOMATION}</arg>
<doc>Types the given ``text`` into the text field identified by ``locator``.</doc>
<status status="PASS" start="2025-08-03T16:49:43.188917" elapsed="1.787859"/>
</kw>
<kw name="Input Password" owner="SeleniumLibrary">
<msg time="2025-08-03T16:49:44.977553" level="INFO">Typing password into text field 'id=password'.</msg>
<msg time="2025-08-03T16:49:46.086459" level="INFO">Temporally setting log level to: NONE</msg>
<arg>${LOGIN_PASSWORD}</arg>
<arg>${VALID_PASSWORD_AUTOMATION}</arg>
<doc>Types the given password into the text field identified by ``locator``.</doc>
<status status="PASS" start="2025-08-03T16:49:44.977124" elapsed="1.800321"/>
</kw>
<doc>Saisie des identifiants valides.</doc>
<status status="PASS" start="2025-08-03T16:49:43.188356" elapsed="3.589315"/>
</kw>
<kw name="Enable Remember Me" owner="common">
<kw name="Select Checkbox" owner="SeleniumLibrary">
<msg time="2025-08-03T16:49:46.779496" level="INFO">Selecting checkbox 'id=remember'.</msg>
<arg>${REMEMBER_ME}</arg>
<doc>Selects the checkbox identified by ``locator``.</doc>
<status status="PASS" start="2025-08-03T16:49:46.779063" elapsed="2.711720"/>
</kw>
<doc>Coche la case "Remember me".</doc>
<status status="PASS" start="2025-08-03T16:49:46.778585" elapsed="2.712404"/>
</kw>
<kw name="Submit Login Form" owner="common">
<kw name="Click Element" owner="SeleniumLibrary">
<msg time="2025-08-03T16:49:49.493188" level="INFO">Clicking element 'id=submit-id'.</msg>
<arg>${LOGIN_SUBMIT_BUTTON}</arg>
<doc>Click the element identified by ``locator``.</doc>
<status status="PASS" start="2025-08-03T16:49:49.492530" elapsed="1.199701"/>
</kw>
<kw name="Wait Until Page Contains Element" owner="SeleniumLibrary">
<arg>${CONTACTS_TABLE}</arg>
<arg>5s</arg>
<doc>Waits until the element ``locator`` appears on the current page.</doc>
<status status="PASS" start="2025-08-03T16:49:50.692693" elapsed="0.529573"/>
</kw>
<doc>Soumet le formulaire de connexion.</doc>
<status status="PASS" start="2025-08-03T16:49:49.491863" elapsed="1.730673"/>
</kw>
<kw name="Logout User" owner="common">
<kw name="Click Element" owner="SeleniumLibrary">
<msg time="2025-08-03T16:49:51.223853" level="INFO">Clicking element 'xpath=/html/body/nav/ul/li/a'.</msg>
<arg>${LOGOUT_LINK}</arg>
<doc>Click the element identified by ``locator``.</doc>
<status status="PASS" start="2025-08-03T16:49:51.223597" elapsed="1.283092"/>
</kw>
<doc>Effectue la déconnexion.</doc>
<status status="PASS" start="2025-08-03T16:49:51.223139" elapsed="1.283821"/>
</kw>
<kw name="Set Variable" owner="BuiltIn">
<msg time="2025-08-03T16:49:52.507905" level="INFO">${expected_msg} = Déconnecté</msg>
<var>${expected_msg}</var>
<arg>${VALID_MSG_POST_LOGOUT_${LANG}}</arg>
<doc>Returns the given values which can then be assigned to a variables.</doc>
<status status="PASS" start="2025-08-03T16:49:52.507495" elapsed="0.000467"/>
</kw>
<kw name="Vérifier message de réussite logout" owner="common">
<kw name="Get Text" owner="SeleniumLibrary">
<msg time="2025-08-03T16:49:53.564378" level="INFO">${page_text} = Signed Out</msg>
<var>${page_text}</var>
<arg>${LOGOUT_SUCCESS_TEXT}</arg>
<doc>Returns the text value of the element identified by ``locator``.</doc>
<status status="PASS" start="2025-08-03T16:49:52.509178" elapsed="1.055333"/>
</kw>
<kw name="Run Keyword If" owner="BuiltIn">
<kw name="Log" owner="BuiltIn">
<msg time="2025-08-03T16:49:53.566551" level="INFO">Message trouvé en anglais : Signed Out</msg>
<arg>Message trouvé en anglais : ${VALID_MSG_POST_LOGOUT_en}</arg>
<arg>console=True</arg>
<doc>Logs the given message with the given level.</doc>
<status status="PASS" start="2025-08-03T16:49:53.566103" elapsed="0.001233"/>
</kw>
<arg>'${expected_msg}' in '${page_text}'</arg>
<arg>Log</arg>
<arg>Message attendu trouvé : ${expected_msg}</arg>
<arg>console=True</arg>
<arg>ELSE IF</arg>
<arg>'${VALID_MSG_POST_LOGOUT_en}' in '${page_text}'</arg>
<arg>Log</arg>
<arg>Message trouvé en anglais : ${VALID_MSG_POST_LOGOUT_en}</arg>
<arg>console=True</arg>
<arg>ELSE IF</arg>
<arg>'${VALID_MSG_POST_LOGOUT_fr}' in '${page_text}'</arg>
<arg>Log</arg>
<arg>Message trouvé en français : ${VALID_MSG_POST_LOGOUT_fr}</arg>
<arg>console=True</arg>
<arg>ELSE</arg>
<arg>Fail</arg>
<arg>Aucun message de logout trouvé.</arg>
<doc>Runs the given keyword with the given arguments, if ``condition`` is true.</doc>
<status status="PASS" start="2025-08-03T16:49:53.565002" elapsed="0.002609"/>
</kw>
<arg>${expected_msg}</arg>
<status status="PASS" start="2025-08-03T16:49:52.508577" elapsed="1.059553"/>
</kw>
<kw name="Navigate To Login Page" owner="common">
<kw name="Go To" owner="SeleniumLibrary">
<msg time="2025-08-03T16:49:53.569648" level="INFO">Opening url 'https://automationplayground.com/crm/'</msg>
<arg>${URL}</arg>
<doc>Navigates the current browser window to the provided ``url``.</doc>
<status status="PASS" start="2025-08-03T16:49:53.569412" elapsed="0.721365"/>
</kw>
<kw name="Click Element" owner="SeleniumLibrary">
<msg time="2025-08-03T16:49:54.291561" level="INFO">Clicking element 'xpath=/html/body/nav/ul/li/a'.</msg>
<arg>${LOGIN_LINK}</arg>
<doc>Click the element identified by ``locator``.</doc>
<status status="PASS" start="2025-08-03T16:49:54.291130" elapsed="1.282000"/>
</kw>
<kw name="Wait Until Page Contains Element" owner="SeleniumLibrary">
<arg>${LOGIN_FORM}</arg>
<arg>10s</arg>
<doc>Waits until the element ``locator`` appears on the current page.</doc>
<status status="PASS" start="2025-08-03T16:49:55.573572" elapsed="0.520817"/>
</kw>
<doc>Clique sur le lien "Login" depuis la page d’accueil.</doc>
<status status="PASS" start="2025-08-03T16:49:53.568965" elapsed="2.525717"/>
</kw>
<kw name="Enter Valid Credentials" owner="common">
<kw name="Input Text" owner="SeleniumLibrary">
<msg time="2025-08-03T16:49:56.097194" level="INFO">Typing text 'testuser@example.com' into text field 'id=email-id'.</msg>
<arg>${LOGIN_EMAIL}</arg>
<arg>${VALID_USERNAME_AUTOMATION}</arg>
<doc>Types the given ``text`` into the text field identified by ``locator``.</doc>
<status status="PASS" start="2025-08-03T16:49:56.096789" elapsed="1.832649"/>
</kw>
<kw name="Input Password" owner="SeleniumLibrary">
<msg time="2025-08-03T16:49:57.930482" level="INFO">Typing password into text field 'id=password'.</msg>
<msg time="2025-08-03T16:49:59.032357" level="INFO">Temporally setting log level to: NONE</msg>
<arg>${LOGIN_PASSWORD}</arg>
<arg>${VALID_PASSWORD_AUTOMATION}</arg>
<doc>Types the given password into the text field identified by ``locator``.</doc>
<status status="PASS" start="2025-08-03T16:49:57.929880" elapsed="1.806165"/>
</kw>
<doc>Saisie des identifiants valides.</doc>
<status status="PASS" start="2025-08-03T16:49:56.096198" elapsed="3.640130"/>
</kw>
<kw name="Verify Email Persistence" owner="common">
<kw name="Get Value" owner="SeleniumLibrary">
<msg time="2025-08-03T16:50:00.872289" level="INFO">${stored_email} = testuser@example.com</msg>
<var>${stored_email}</var>
<arg>${PERSISTED_EMAIL}</arg>
<doc>Returns the value attribute of the element identified by ``locator``.</doc>
<status status="PASS" start="2025-08-03T16:49:59.738892" elapsed="1.133572"/>
</kw>
<kw name="Should Be Equal" owner="BuiltIn">
<arg>${stored_email}</arg>
<arg>${VALID_USERNAME_AUTOMATION}</arg>
<doc>Fails if the given objects are unequal.</doc>
<status status="PASS" start="2025-08-03T16:50:00.873022" elapsed="0.000718"/>
</kw>
<doc>Vérifie que l'email est bien pré-rempli.</doc>
<status status="PASS" start="2025-08-03T16:49:59.738091" elapsed="1.135876"/>
</kw>
<kw name="Run Keywords" owner="BuiltIn" type="TEARDOWN">
<kw name="Capture Screenshot If Test Failed" owner="common">
<kw name="Run Keyword If Test Failed" owner="BuiltIn">
<arg>Capture Page Screenshot</arg>
<doc>Runs the given keyword with the given arguments, if the test failed.</doc>
<status status="PASS" start="2025-08-03T16:50:00.877482" elapsed="0.000277"/>
</kw>
<kw name="Run Keyword If Test Failed" owner="BuiltIn">
<arg>Log Source</arg>
<doc>Runs the given keyword with the given arguments, if the test failed.</doc>
<status status="PASS" start="2025-08-03T16:50:00.878038" elapsed="0.000175"/>
</kw>
<doc>Capture une capture d’écran si le test échoue.</doc>
<status status="PASS" start="2025-08-03T16:50:00.875697" elapsed="0.002653"/>
</kw>
<kw name="Logout User" owner="common">
<kw name="Click Element" owner="SeleniumLibrary">
<msg time="2025-08-03T16:50:00.879567" level="INFO">Clicking element 'xpath=/html/body/nav/ul/li/a'.</msg>
<arg>${LOGOUT_LINK}</arg>
<doc>Click the element identified by ``locator``.</doc>
<status status="PASS" start="2025-08-03T16:50:00.879167" elapsed="1.241386"/>
</kw>
<doc>Effectue la déconnexion.</doc>
<status status="PASS" start="2025-08-03T16:50:00.878662" elapsed="1.242097"/>
</kw>
<arg>Capture Screenshot If Test Failed</arg>
<arg>AND</arg>
<arg>Logout User</arg>
<doc>Executes all the given keywords in a sequence.</doc>
<status status="PASS" start="2025-08-03T16:50:00.875010" elapsed="1.245837"/>
</kw>
<doc>Vérifie que la case Remember Me fonctionne bien.</doc>
<status status="PASS" start="2025-08-03T16:49:40.692305" elapsed="21.428925"/>
</test>
<test id="s1-t5" name="TC-1004 Should Be Able To Logout" line="46">
<kw name="Navigate To Login Page" owner="common">
<kw name="Go To" owner="SeleniumLibrary">
<msg time="2025-08-03T16:50:02.123986" level="INFO">Opening url 'https://automationplayground.com/crm/'</msg>
<arg>${URL}</arg>
<doc>Navigates the current browser window to the provided ``url``.</doc>
<status status="PASS" start="2025-08-03T16:50:02.123794" elapsed="0.618656"/>
</kw>
<kw name="Click Element" owner="SeleniumLibrary">
<msg time="2025-08-03T16:50:02.743556" level="INFO">Clicking element 'xpath=/html/body/nav/ul/li/a'.</msg>
<arg>${LOGIN_LINK}</arg>
<doc>Click the element identified by ``locator``.</doc>
<status status="PASS" start="2025-08-03T16:50:02.742841" elapsed="1.542674"/>
</kw>
<kw name="Wait Until Page Contains Element" owner="SeleniumLibrary">
<arg>${LOGIN_FORM}</arg>
<arg>10s</arg>
<doc>Waits until the element ``locator`` appears on the current page.</doc>
<status status="PASS" start="2025-08-03T16:50:04.285872" elapsed="0.517260"/>
</kw>
<doc>Clique sur le lien "Login" depuis la page d’accueil.</doc>
<status status="PASS" start="2025-08-03T16:50:02.123444" elapsed="2.679967"/>
</kw>
<kw name="Enter Valid Credentials" owner="common">
<kw name="Input Text" owner="SeleniumLibrary">
<msg time="2025-08-03T16:50:04.805748" level="INFO">Typing text 'testuser@example.com' into text field 'id=email-id'.</msg>
<arg>${LOGIN_EMAIL}</arg>
<arg>${VALID_USERNAME_AUTOMATION}</arg>
<doc>Types the given ``text`` into the text field identified by ``locator``.</doc>
<status status="PASS" start="2025-08-03T16:50:04.805253" elapsed="1.777951"/>
</kw>
<kw name="Input Password" owner="SeleniumLibrary">
<msg time="2025-08-03T16:50:06.584093" level="INFO">Typing password into text field 'id=password'.</msg>
<msg time="2025-08-03T16:50:07.662539" level="INFO">Temporally setting log level to: NONE</msg>
<arg>${LOGIN_PASSWORD}</arg>
<arg>${VALID_PASSWORD_AUTOMATION}</arg>
<doc>Types the given password into the text field identified by ``locator``.</doc>
<status status="PASS" start="2025-08-03T16:50:06.583605" elapsed="1.745629"/>
</kw>
<doc>Saisie des identifiants valides.</doc>
<status status="PASS" start="2025-08-03T16:50:04.804467" elapsed="3.524976"/>
</kw>
<kw name="Submit Login Form" owner="common">
<kw name="Click Element" owner="SeleniumLibrary">
<msg time="2025-08-03T16:50:08.331004" level="INFO">Clicking element 'id=submit-id'.</msg>
<arg>${LOGIN_SUBMIT_BUTTON}</arg>
<doc>Click the element identified by ``locator``.</doc>
<status status="PASS" start="2025-08-03T16:50:08.330682" elapsed="1.147787"/>
</kw>
<kw name="Wait Until Page Contains Element" owner="SeleniumLibrary">
<arg>${CONTACTS_TABLE}</arg>
<arg>5s</arg>
<doc>Waits until the element ``locator`` appears on the current page.</doc>
<status status="PASS" start="2025-08-03T16:50:09.478861" elapsed="0.529320"/>
</kw>
<doc>Soumet le formulaire de connexion.</doc>
<status status="PASS" start="2025-08-03T16:50:08.330226" elapsed="1.678121"/>
</kw>
<kw name="Logout User" owner="common">
<kw name="Click Element" owner="SeleniumLibrary">
<msg time="2025-08-03T16:50:10.009458" level="INFO">Clicking element 'xpath=/html/body/nav/ul/li/a'.</msg>
<arg>${LOGOUT_LINK}</arg>
<doc>Click the element identified by ``locator``.</doc>
<status status="PASS" start="2025-08-03T16:50:10.009221" elapsed="1.297987"/>
</kw>
<doc>Effectue la déconnexion.</doc>
<status status="PASS" start="2025-08-03T16:50:10.008856" elapsed="1.298893"/>
</kw>
<kw name="Set Variable" owner="BuiltIn">
<msg time="2025-08-03T16:50:11.309146" level="INFO">${expected_msg} = Déconnecté</msg>
<var>${expected_msg}</var>
<arg>${VALID_MSG_POST_LOGOUT_${LANG}}</arg>
<doc>Returns the given values which can then be assigned to a variables.</doc>
<status status="PASS" start="2025-08-03T16:50:11.308629" elapsed="0.000588"/>
</kw>
<kw name="Vérifier message de réussite logout" owner="common">
<kw name="Get Text" owner="SeleniumLibrary">
<msg time="2025-08-03T16:50:12.386792" level="INFO">${page_text} = Signed Out</msg>
<var>${page_text}</var>
<arg>${LOGOUT_SUCCESS_TEXT}</arg>
<doc>Returns the text value of the element identified by ``locator``.</doc>
<status status="PASS" start="2025-08-03T16:50:11.310903" elapsed="1.075991"/>
</kw>
<kw name="Run Keyword If" owner="BuiltIn">
<kw name="Log" owner="BuiltIn">
<msg time="2025-08-03T16:50:12.389119" level="INFO">Message trouvé en anglais : Signed Out</msg>
<arg>Message trouvé en anglais : ${VALID_MSG_POST_LOGOUT_en}</arg>
<arg>console=True</arg>
<doc>Logs the given message with the given level.</doc>
<status status="PASS" start="2025-08-03T16:50:12.388583" elapsed="0.000998"/>
</kw>
<arg>'${expected_msg}' in '${page_text}'</arg>
<arg>Log</arg>
<arg>Message attendu trouvé : ${expected_msg}</arg>
<arg>console=True</arg>
<arg>ELSE IF</arg>
<arg>'${VALID_MSG_POST_LOGOUT_en}' in '${page_text}'</arg>
<arg>Log</arg>
<arg>Message trouvé en anglais : ${VALID_MSG_POST_LOGOUT_en}</arg>
<arg>console=True</arg>
<arg>ELSE IF</arg>
<arg>'${VALID_MSG_POST_LOGOUT_fr}' in '${page_text}'</arg>
<arg>Log</arg>
<arg>Message trouvé en français : ${VALID_MSG_POST_LOGOUT_fr}</arg>
<arg>console=True</arg>
<arg>ELSE</arg>
<arg>Fail</arg>
<arg>Aucun message de logout trouvé.</arg>
<doc>Runs the given keyword with the given arguments, if ``condition`` is true.</doc>
<status status="PASS" start="2025-08-03T16:50:12.387216" elapsed="0.002578"/>
</kw>
<arg>${expected_msg}</arg>
<status status="PASS" start="2025-08-03T16:50:11.309887" elapsed="1.080170"/>
</kw>
<kw name="Run Keywords" owner="BuiltIn" type="TEARDOWN">
<kw name="Capture Screenshot If Test Failed" owner="common">
<kw name="Run Keyword If Test Failed" owner="BuiltIn">
<arg>Capture Page Screenshot</arg>
<doc>Runs the given keyword with the given arguments, if the test failed.</doc>
<status status="PASS" start="2025-08-03T16:50:12.391821" elapsed="0.000150"/>
</kw>
<kw name="Run Keyword If Test Failed" owner="BuiltIn">
<arg>Log Source</arg>
<doc>Runs the given keyword with the given arguments, if the test failed.</doc>
<status status="PASS" start="2025-08-03T16:50:12.392184" elapsed="0.000132"/>
</kw>
<doc>Capture une capture d’écran si le test échoue.</doc>
<status status="PASS" start="2025-08-03T16:50:12.391383" elapsed="0.001041"/>
</kw>
<kw name="Logout User" owner="common">
<kw name="Click Element" owner="SeleniumLibrary">
<msg time="2025-08-03T16:50:12.394232" level="INFO">Clicking element 'xpath=/html/body/nav/ul/li/a'.</msg>
<arg>${LOGOUT_LINK}</arg>
<doc>Click the element identified by ``locator``.</doc>
<status status="PASS" start="2025-08-03T16:50:12.393071" elapsed="1.278549"/>
</kw>
<doc>Effectue la déconnexion.</doc>
<status status="PASS" start="2025-08-03T16:50:12.392660" elapsed="1.279557"/>
</kw>
<arg>Capture Screenshot If Test Failed</arg>
<arg>AND</arg>
<arg>Logout User</arg>
<doc>Executes all the given keywords in a sequence.</doc>
<status status="PASS" start="2025-08-03T16:50:12.390971" elapsed="1.281536"/>
</kw>
<doc>Vérifie que la déconnexion est effective.</doc>
<status status="PASS" start="2025-08-03T16:50:02.122759" elapsed="11.550809"/>
</test>
<test id="s1-t6" name="TC-1005 Customers Page Should Display Multiple Customers" line="55">
<kw name="Navigate To Login Page" owner="common">
<kw name="Go To" owner="SeleniumLibrary">
<msg time="2025-08-03T16:50:13.678569" level="INFO">Opening url 'https://automationplayground.com/crm/'</msg>
<arg>${URL}</arg>
<doc>Navigates the current browser window to the provided ``url``.</doc>
<status status="PASS" start="2025-08-03T16:50:13.678210" elapsed="0.906924"/>
</kw>
<kw name="Click Element" owner="SeleniumLibrary">
<msg time="2025-08-03T16:50:14.586074" level="INFO">Clicking element 'xpath=/html/body/nav/ul/li/a'.</msg>
<arg>${LOGIN_LINK}</arg>
<doc>Click the element identified by ``locator``.</doc>
<status status="PASS" start="2025-08-03T16:50:14.585555" elapsed="1.289315"/>
</kw>
<kw name="Wait Until Page Contains Element" owner="SeleniumLibrary">
<arg>${LOGIN_FORM}</arg>
<arg>10s</arg>
<doc>Waits until the element ``locator`` appears on the current page.</doc>
<status status="PASS" start="2025-08-03T16:50:15.875471" elapsed="0.524806"/>
</kw>
<doc>Clique sur le lien "Login" depuis la page d’accueil.</doc>
<status status="PASS" start="2025-08-03T16:50:13.677560" elapsed="2.722905"/>
</kw>
<kw name="Enter Valid Credentials" owner="common">
<kw name="Input Text" owner="SeleniumLibrary">
<msg time="2025-08-03T16:50:16.402135" level="INFO">Typing text 'testuser@example.com' into text field 'id=email-id'.</msg>
<arg>${LOGIN_EMAIL}</arg>
<arg>${VALID_USERNAME_AUTOMATION}</arg>
<doc>Types the given ``text`` into the text field identified by ``locator``.</doc>
<status status="PASS" start="2025-08-03T16:50:16.401608" elapsed="1.719315"/>
</kw>
<kw name="Input Password" owner="SeleniumLibrary">
<msg time="2025-08-03T16:50:18.122528" level="INFO">Typing password into text field 'id=password'.</msg>
<msg time="2025-08-03T16:50:19.235259" level="INFO">Temporally setting log level to: NONE</msg>
<arg>${LOGIN_PASSWORD}</arg>
<arg>${VALID_PASSWORD_AUTOMATION}</arg>
<doc>Types the given password into the text field identified by ``locator``.</doc>
<status status="PASS" start="2025-08-03T16:50:18.121735" elapsed="1.937693"/>
</kw>
<doc>Saisie des identifiants valides.</doc>
<status status="PASS" start="2025-08-03T16:50:16.401267" elapsed="3.658358"/>
</kw>
<kw name="Submit Login Form" owner="common">
<kw name="Click Element" owner="SeleniumLibrary">
<msg time="2025-08-03T16:50:20.062573" level="INFO">Clicking element 'id=submit-id'.</msg>
<arg>${LOGIN_SUBMIT_BUTTON}</arg>
<doc>Click the element identified by ``locator``.</doc>
<status status="PASS" start="2025-08-03T16:50:20.061883" elapsed="1.122726"/>
</kw>
<kw name="Wait Until Page Contains Element" owner="SeleniumLibrary">
<arg>${CONTACTS_TABLE}</arg>
<arg>5s</arg>
<doc>Waits until the element ``locator`` appears on the current page.</doc>
<status status="PASS" start="2025-08-03T16:50:21.185053" elapsed="0.519441"/>
</kw>
<doc>Soumet le formulaire de connexion.</doc>
<status status="PASS" start="2025-08-03T16:50:20.061055" elapsed="1.643848"/>
</kw>
<kw name="Set Variable" owner="BuiltIn">
<msg time="2025-08-03T16:50:21.706434" level="INFO">${expected_msg} = Nos clients satisfaits</msg>
<var>${expected_msg}</var>
<arg>${VALID_MSG_POST_LOGIN_${LANG}}</arg>
<doc>Returns the given values which can then be assigned to a variables.</doc>
<status status="PASS" start="2025-08-03T16:50:21.705769" elapsed="0.000756"/>
</kw>
<kw name="Vérifier message de réussite login" owner="common">
<kw name="Wait Until Element Is Visible" owner="SeleniumLibrary">
<arg>${DASHBOARD_TEXT}</arg>
<arg>10s</arg>
<doc>Waits until the element ``locator`` is visible.</doc>
<status status="PASS" start="2025-08-03T16:50:21.708801" elapsed="1.065628"/>
</kw>
<kw name="Get Text" owner="SeleniumLibrary">
<msg time="2025-08-03T16:50:23.812849" level="INFO">${page_text} = Our Happy Customers</msg>
<var>${page_text}</var>
<arg>${DASHBOARD_TEXT}</arg>
<doc>Returns the text value of the element identified by ``locator``.</doc>
<status status="PASS" start="2025-08-03T16:50:22.774987" elapsed="1.037984"/>
</kw>
<kw name="Run Keyword If" owner="BuiltIn">
<kw name="Log" owner="BuiltIn">
<msg time="2025-08-03T16:50:23.814985" level="INFO">Message trouvé en anglais : Our Happy Customers</msg>
<arg>Message trouvé en anglais : ${VALID_MSG_POST_LOGIN_en}</arg>
<arg>console=True</arg>
<doc>Logs the given message with the given level.</doc>
<status status="PASS" start="2025-08-03T16:50:23.814511" elapsed="0.001007"/>
</kw>
<arg>'${expected_msg}' in '${page_text}'</arg>
<arg>Log</arg>
<arg>Message attendu trouvé : ${expected_msg}</arg>
<arg>console=True</arg>
<arg>ELSE IF</arg>
<arg>'${VALID_MSG_POST_LOGIN_en}' in '${page_text}'</arg>
<arg>Log</arg>
<arg>Message trouvé en anglais : ${VALID_MSG_POST_LOGIN_en}</arg>
<arg>console=True</arg>
<arg>ELSE IF</arg>
<arg>'${VALID_MSG_POST_LOGIN_fr}' in '${page_text}'</arg>
<arg>Log</arg>
<arg>Message trouvé en français : ${VALID_MSG_POST_LOGIN_fr}</arg>
<arg>console=True</arg>
<arg>ELSE</arg>
<arg>Fail</arg>
<arg>Aucun message de succès trouvé.</arg>
<doc>Runs the given keyword with the given arguments, if ``condition`` is true.</doc>
<status status="PASS" start="2025-08-03T16:50:23.813393" elapsed="0.002350"/>
</kw>
<arg>${expected_msg}</arg>
<status status="PASS" start="2025-08-03T16:50:21.707995" elapsed="2.107967"/>
</kw>
<kw name="Go To Customers Page" owner="common">
<kw name="Wait Until Page Contains Element" owner="SeleniumLibrary">
<arg>xpath=//table[@id='customers']</arg>
<arg>10s</arg>
<doc>Waits until the element ``locator`` appears on the current page.</doc>
<status status="PASS" start="2025-08-03T16:50:23.816878" elapsed="0.519291"/>
</kw>
<doc>Navigue vers la page Clients.</doc>
<status status="PASS" start="2025-08-03T16:50:23.816466" elapsed="0.519981"/>
</kw>
<kw name="Verify Multiple Customers Displayed" owner="common">
<kw name="Get Element Count" owner="SeleniumLibrary">
<msg time="2025-08-03T16:50:24.866486" level="INFO">${rows} = 6</msg>
<var>${rows}</var>
<arg>xpath=//table[@id='customers']//tbody/tr</arg>
<doc>Returns the number of elements matching ``locator``.</doc>
<status status="PASS" start="2025-08-03T16:50:24.338371" elapsed="0.528271"/>
</kw>
<kw name="Should Be True" owner="BuiltIn">
<arg>${rows} &gt; 1</arg>
<doc>Fails if the given condition is not true.</doc>
<status status="PASS" start="2025-08-03T16:50:24.867118" elapsed="0.000764"/>
</kw>
<doc>Vérifie que plusieurs clients sont affichés dans la liste.</doc>
<status status="PASS" start="2025-08-03T16:50:24.337458" elapsed="0.530663"/>
</kw>
<kw name="Run Keywords" owner="BuiltIn" type="TEARDOWN">
<kw name="Capture Screenshot If Test Failed" owner="common">
<kw name="Run Keyword If Test Failed" owner="BuiltIn">
<arg>Capture Page Screenshot</arg>
<doc>Runs the given keyword with the given arguments, if the test failed.</doc>
<status status="PASS" start="2025-08-03T16:50:24.870637" elapsed="0.000659"/>
</kw>
<kw name="Run Keyword If Test Failed" owner="BuiltIn">
<arg>Log Source</arg>
<doc>Runs the given keyword with the given arguments, if the test failed.</doc>
<status status="PASS" start="2025-08-03T16:50:24.872089" elapsed="0.000277"/>
</kw>
<doc>Capture une capture d’écran si le test échoue.</doc>
<status status="PASS" start="2025-08-03T16:50:24.870029" elapsed="0.002570"/>
</kw>
<kw name="Logout User" owner="common">
<kw name="Click Element" owner="SeleniumLibrary">
<msg time="2025-08-03T16:50:24.873993" level="INFO">Clicking element 'xpath=/html/body/nav/ul/li/a'.</msg>
<arg>${LOGOUT_LINK}</arg>
<doc>Click the element identified by ``locator``.</doc>
<status status="PASS" start="2025-08-03T16:50:24.873538" elapsed="1.341985"/>
</kw>
<doc>Effectue la déconnexion.</doc>
<status status="PASS" start="2025-08-03T16:50:24.872912" elapsed="1.342867"/>
</kw>
<arg>Capture Screenshot If Test Failed</arg>
<arg>AND</arg>
<arg>Logout User</arg>
<doc>Executes all the given keywords in a sequence.</doc>
<status status="PASS" start="2025-08-03T16:50:24.869389" elapsed="1.346497"/>
</kw>
<doc>Vérifie que la page Clients affiche plusieurs clients.</doc>
<status status="PASS" start="2025-08-03T16:50:13.676199" elapsed="12.540080"/>
</test>
<test id="s1-t7" name="TC-1006 Should Be Able To Add New Customer" line="65">
<kw name="Navigate To Login Page" owner="common">
<kw name="Go To" owner="SeleniumLibrary">
<msg time="2025-08-03T16:50:26.219026" level="INFO">Opening url 'https://automationplayground.com/crm/'</msg>
<arg>${URL}</arg>
<doc>Navigates the current browser window to the provided ``url``.</doc>
<status status="PASS" start="2025-08-03T16:50:26.218815" elapsed="0.743979"/>
</kw>
<kw name="Click Element" owner="SeleniumLibrary">
<msg time="2025-08-03T16:50:26.963966" level="INFO">Clicking element 'xpath=/html/body/nav/ul/li/a'.</msg>
<arg>${LOGIN_LINK}</arg>
<doc>Click the element identified by ``locator``.</doc>
<status status="PASS" start="2025-08-03T16:50:26.963352" elapsed="1.250036"/>
</kw>
<kw name="Wait Until Page Contains Element" owner="SeleniumLibrary">
<arg>${LOGIN_FORM}</arg>
<arg>10s</arg>
<doc>Waits until the element ``locator`` appears on the current page.</doc>
<status status="PASS" start="2025-08-03T16:50:28.213971" elapsed="0.517554"/>
</kw>
<doc>Clique sur le lien "Login" depuis la page d’accueil.</doc>
<status status="PASS" start="2025-08-03T16:50:26.218427" elapsed="2.513463"/>
</kw>
<kw name="Enter Valid Credentials" owner="common">
<kw name="Input Text" owner="SeleniumLibrary">
<msg time="2025-08-03T16:50:28.733808" level="INFO">Typing text 'testuser@example.com' into text field 'id=email-id'.</msg>
<arg>${LOGIN_EMAIL}</arg>
<arg>${VALID_USERNAME_AUTOMATION}</arg>
<doc>Types the given ``text`` into the text field identified by ``locator``.</doc>
<status status="PASS" start="2025-08-03T16:50:28.733412" elapsed="1.705723"/>
</kw>
<kw name="Input Password" owner="SeleniumLibrary">
<msg time="2025-08-03T16:50:30.440086" level="INFO">Typing password into text field 'id=password'.</msg>
<msg time="2025-08-03T16:50:31.513317" level="INFO">Temporally setting log level to: NONE</msg>
<arg>${LOGIN_PASSWORD}</arg>
<arg>${VALID_PASSWORD_AUTOMATION}</arg>
<doc>Types the given password into the text field identified by ``locator``.</doc>
<status status="PASS" start="2025-08-03T16:50:30.439542" elapsed="1.684543"/>
</kw>
<doc>Saisie des identifiants valides.</doc>
<status status="PASS" start="2025-08-03T16:50:28.732511" elapsed="3.391820"/>
</kw>
<kw name="Submit Login Form" owner="common">
<kw name="Click Element" owner="SeleniumLibrary">
<msg time="2025-08-03T16:50:32.126086" level="INFO">Clicking element 'id=submit-id'.</msg>
<arg>${LOGIN_SUBMIT_BUTTON}</arg>
<doc>Click the element identified by ``locator``.</doc>
<status status="PASS" start="2025-08-03T16:50:32.125712" elapsed="1.148581"/>
</kw>
<kw name="Wait Until Page Contains Element" owner="SeleniumLibrary">
<arg>${CONTACTS_TABLE}</arg>
<arg>5s</arg>
<doc>Waits until the element ``locator`` appears on the current page.</doc>
<status status="PASS" start="2025-08-03T16:50:33.274720" elapsed="0.516360"/>
</kw>
<doc>Soumet le formulaire de connexion.</doc>
<status status="PASS" start="2025-08-03T16:50:32.125141" elapsed="1.666259"/>
</kw>
<kw name="Set Variable" owner="BuiltIn">
<msg time="2025-08-03T16:50:33.793147" level="INFO">${expected_msg} = Nos clients satisfaits</msg>
<var>${expected_msg}</var>
<arg>${VALID_MSG_POST_LOGIN_${LANG}}</arg>
<doc>Returns the given values which can then be assigned to a variables.</doc>
<status status="PASS" start="2025-08-03T16:50:33.792420" elapsed="0.000801"/>
</kw>
<kw name="Vérifier message de réussite login" owner="common">
<kw name="Wait Until Element Is Visible" owner="SeleniumLibrary">
<arg>${DASHBOARD_TEXT}</arg>
<arg>10s</arg>
<doc>Waits until the element ``locator`` is visible.</doc>
<status status="PASS" start="2025-08-03T16:50:33.794350" elapsed="1.046785"/>
</kw>
<kw name="Get Text" owner="SeleniumLibrary">
<msg time="2025-08-03T16:50:35.889615" level="INFO">${page_text} = Our Happy Customers</msg>
<var>${page_text}</var>
<arg>${DASHBOARD_TEXT}</arg>
<doc>Returns the text value of the element identified by ``locator``.</doc>
<status status="PASS" start="2025-08-03T16:50:34.841543" elapsed="1.048191"/>
</kw>
<kw name="Run Keyword If" owner="BuiltIn">
<kw name="Log" owner="BuiltIn">
<msg time="2025-08-03T16:50:35.891472" level="INFO">Message trouvé en anglais : Our Happy Customers</msg>
<arg>Message trouvé en anglais : ${VALID_MSG_POST_LOGIN_en}</arg>
<arg>console=True</arg>
<doc>Logs the given message with the given level.</doc>
<status status="PASS" start="2025-08-03T16:50:35.891084" elapsed="0.000783"/>
</kw>
<arg>'${expected_msg}' in '${page_text}'</arg>
<arg>Log</arg>
<arg>Message attendu trouvé : ${expected_msg}</arg>
<arg>console=True</arg>
<arg>ELSE IF</arg>
<arg>'${VALID_MSG_POST_LOGIN_en}' in '${page_text}'</arg>
<arg>Log</arg>
<arg>Message trouvé en anglais : ${VALID_MSG_POST_LOGIN_en}</arg>
<arg>console=True</arg>
<arg>ELSE IF</arg>
<arg>'${VALID_MSG_POST_LOGIN_fr}' in '${page_text}'</arg>
<arg>Log</arg>
<arg>Message trouvé en français : ${VALID_MSG_POST_LOGIN_fr}</arg>
<arg>console=True</arg>
<arg>ELSE</arg>
<arg>Fail</arg>
<arg>Aucun message de succès trouvé.</arg>
<doc>Runs the given keyword with the given arguments, if ``condition`` is true.</doc>
<status status="PASS" start="2025-08-03T16:50:35.890093" elapsed="0.001959"/>
</kw>
<arg>${expected_msg}</arg>
<status status="PASS" start="2025-08-03T16:50:33.793813" elapsed="2.098465"/>
</kw>
<kw name="Go To Customers Page" owner="common">
<kw name="Wait Until Page Contains Element" owner="SeleniumLibrary">
<arg>xpath=//table[@id='customers']</arg>
<arg>10s</arg>
<doc>Waits until the element ``locator`` appears on the current page.</doc>
<status status="PASS" start="2025-08-03T16:50:35.893215" elapsed="0.517014"/>
</kw>
<doc>Navigue vers la page Clients.</doc>
<status status="PASS" start="2025-08-03T16:50:35.892829" elapsed="0.517629"/>
</kw>
<kw name="Click New Customer Button" owner="common">
<kw name="Click Element" owner="SeleniumLibrary">
<msg time="2025-08-03T16:50:36.412415" level="INFO">Clicking element 'id=new-customer'.</msg>
<arg>id=new-customer</arg>
<doc>Click the element identified by ``locator``.</doc>
<status status="PASS" start="2025-08-03T16:50:36.412101" elapsed="1.684099"/>
</kw>
<kw name="Wait Until Page Contains Element" owner="SeleniumLibrary">
<arg>xpath=//form[@action='customer-success.html']</arg>
<arg>10s</arg>
<doc>Waits until the element ``locator`` appears on the current page.</doc>
<status status="PASS" start="2025-08-03T16:50:38.096649" elapsed="0.527298"/>
</kw>
<doc>Clique sur le bouton pour ajouter un nouveau client.</doc>
<status status="PASS" start="2025-08-03T16:50:36.411559" elapsed="2.212587"/>
</kw>
<kw name="Fill New Customer Form" owner="common">
<kw name="Input Text" owner="SeleniumLibrary">
<msg time="2025-08-03T16:50:38.625623" level="INFO">Typing text 'test@example.com' into text field 'id=EmailAddress'.</msg>
<arg>id=EmailAddress</arg>
<arg>test@example.com</arg>
<doc>Types the given ``text`` into the text field identified by ``locator``.</doc>
<status status="PASS" start="2025-08-03T16:50:38.625312" elapsed="1.732636"/>
</kw>
<kw name="Input Text" owner="SeleniumLibrary">
<msg time="2025-08-03T16:50:40.358640" level="INFO">Typing text 'John' into text field 'id=FirstName'.</msg>
<arg>id=FirstName</arg>
<arg>John</arg>
<doc>Types the given ``text`` into the text field identified by ``locator``.</doc>
<status status="PASS" start="2025-08-03T16:50:40.358314" elapsed="1.666969"/>
</kw>
<kw name="Input Text" owner="SeleniumLibrary">
<msg time="2025-08-03T16:50:42.025981" level="INFO">Typing text 'Doe' into text field 'id=LastName'.</msg>
<arg>id=LastName</arg>
<arg>Doe</arg>
<doc>Types the given ``text`` into the text field identified by ``locator``.</doc>
<status status="PASS" start="2025-08-03T16:50:42.025637" elapsed="1.699182"/>
</kw>
<kw name="Input Text" owner="SeleniumLibrary">
<msg time="2025-08-03T16:50:43.725560" level="INFO">Typing text 'Dakar' into text field 'id=City'.</msg>
<arg>id=City</arg>
<arg>Dakar</arg>
<doc>Types the given ``text`` into the text field identified by ``locator``.</doc>
<status status="PASS" start="2025-08-03T16:50:43.725190" elapsed="1.694969"/>
</kw>
<kw name="Wait Until Element Is Visible" owner="SeleniumLibrary">
<arg>id=StateOrRegion</arg>
<arg>5s</arg>
<doc>Waits until the element ``locator`` is visible.</doc>
<status status="PASS" start="2025-08-03T16:50:45.420591" elapsed="1.059545"/>
</kw>
<kw name="Select From List By Index" owner="SeleniumLibrary">
<msg time="2025-08-03T16:50:46.480795" level="INFO">Selecting options from selection list 'id=StateOrRegion' by index 3.</msg>
<arg>id=StateOrRegion</arg>
<arg>3</arg>
<doc>Selects options from selection list ``locator`` by ``indexes``.</doc>
<status status="PASS" start="2025-08-03T16:50:46.480400" elapsed="6.319679"/>
</kw>
<kw name="Click Element" owner="SeleniumLibrary">
<msg time="2025-08-03T16:50:52.801145" level="INFO">Clicking element 'xpath=//input[@type='radio' and @value='male']'.</msg>
<arg>xpath=//input[@type='radio' and @value='male']</arg>
<doc>Click the element identified by ``locator``.</doc>
<status status="PASS" start="2025-08-03T16:50:52.800607" elapsed="1.158321"/>
</kw>
<kw name="Click Element" owner="SeleniumLibrary">
<msg time="2025-08-03T16:50:53.959757" level="INFO">Clicking element 'xpath=//input[@type='checkbox' and @name='promos-name']'.</msg>
<arg>xpath=//input[@type='checkbox' and @name='promos-name']</arg>
<doc>Click the element identified by ``locator``.</doc>
<status status="PASS" start="2025-08-03T16:50:53.959354" elapsed="1.087412"/>
</kw>
<doc>Remplit le formulaire d’ajout d’un client.</doc>
<status status="PASS" start="2025-08-03T16:50:38.624829" elapsed="16.422163"/>
</kw>
<kw name="Submit Customer Form" owner="common">
<kw name="Click Element" owner="SeleniumLibrary">
<msg time="2025-08-03T16:50:55.048595" level="INFO">Clicking element 'xpath=//button[@type='submit']'.</msg>
<arg>${CUSTOMER_SUBMIT_BUTTON}</arg>
<doc>Click the element identified by ``locator``.</doc>
<status status="PASS" start="2025-08-03T16:50:55.048183" elapsed="1.389135"/>
</kw>
<doc>Soumet le formulaire d’ajout d’un client.</doc>
<status status="PASS" start="2025-08-03T16:50:55.047650" elapsed="1.389986"/>
</kw>
<kw name="Verify Customer Added Successfully" owner="common">
<kw name="Wait Until Page Contains" owner="SeleniumLibrary">
<arg>Success! New customer added.</arg>
<arg>10s</arg>
<doc>Waits until ``text`` appears on the current page.</doc>
<status status="PASS" start="2025-08-03T16:50:56.439324" elapsed="0.532309"/>
</kw>
<doc>Vérifie que le message de succès s’affiche après l’ajout.</doc>
<status status="PASS" start="2025-08-03T16:50:56.438711" elapsed="0.533177"/>
</kw>
<kw name="Run Keywords" owner="BuiltIn" type="TEARDOWN">
<kw name="Capture Screenshot If Test Failed" owner="common">
<kw name="Run Keyword If Test Failed" owner="BuiltIn">
<arg>Capture Page Screenshot</arg>
<doc>Runs the given keyword with the given arguments, if the test failed.</doc>
<status status="PASS" start="2025-08-03T16:50:56.973798" elapsed="0.000132"/>
</kw>
<kw name="Run Keyword If Test Failed" owner="BuiltIn">
<arg>Log Source</arg>
<doc>Runs the given keyword with the given arguments, if the test failed.</doc>
<status status="PASS" start="2025-08-03T16:50:56.974087" elapsed="0.000108"/>
</kw>
<doc>Capture une capture d’écran si le test échoue.</doc>
<status status="PASS" start="2025-08-03T16:50:56.973372" elapsed="0.000915"/>
</kw>
<kw name="Logout User" owner="common">
<kw name="Click Element" owner="SeleniumLibrary">
<msg time="2025-08-03T16:50:56.975107" level="INFO">Clicking element 'xpath=/html/body/nav/ul/li/a'.</msg>
<arg>${LOGOUT_LINK}</arg>
<doc>Click the element identified by ``locator``.</doc>
<status status="PASS" start="2025-08-03T16:50:56.974821" elapsed="1.278933"/>
</kw>
<doc>Effectue la déconnexion.</doc>
<status status="PASS" start="2025-08-03T16:50:56.974497" elapsed="1.279921"/>
</kw>
<arg>Capture Screenshot If Test Failed</arg>
<arg>AND</arg>
<arg>Logout User</arg>
<doc>Executes all the given keywords in a sequence.</doc>
<status status="PASS" start="2025-08-03T16:50:56.972944" elapsed="1.281774"/>
</kw>
<doc>Vérifie qu’on peut ajouter un nouveau client avec succès.</doc>
<status status="PASS" start="2025-08-03T16:50:26.217514" elapsed="32.038091"/>
</test>
<test id="s1-t8" name="TC-1007 Should Be Able To Cancel Adding New Customer" line="78">
<kw name="Navigate To Login Page" owner="common">
<kw name="Go To" owner="SeleniumLibrary">
<msg time="2025-08-03T16:50:58.259712" level="INFO">Opening url 'https://automationplayground.com/crm/'</msg>
<arg>${URL}</arg>
<doc>Navigates the current browser window to the provided ``url``.</doc>
<status status="PASS" start="2025-08-03T16:50:58.259437" elapsed="0.684869"/>
</kw>
<kw name="Click Element" owner="SeleniumLibrary">
<msg time="2025-08-03T16:50:58.945084" level="INFO">Clicking element 'xpath=/html/body/nav/ul/li/a'.</msg>
<arg>${LOGIN_LINK}</arg>
<doc>Click the element identified by ``locator``.</doc>
<status status="PASS" start="2025-08-03T16:50:58.944657" elapsed="1.305209"/>
</kw>
<kw name="Wait Until Page Contains Element" owner="SeleniumLibrary">
<arg>${LOGIN_FORM}</arg>
<arg>10s</arg>
<doc>Waits until the element ``locator`` appears on the current page.</doc>
<status status="PASS" start="2025-08-03T16:51:00.250276" elapsed="0.528235"/>
</kw>
<doc>Clique sur le lien "Login" depuis la page d’accueil.</doc>
<status status="PASS" start="2025-08-03T16:50:58.258921" elapsed="2.520184"/>
</kw>
<kw name="Enter Valid Credentials" owner="common">
<kw name="Input Text" owner="SeleniumLibrary">
<msg time="2025-08-03T16:51:00.781792" level="INFO">Typing text 'testuser@example.com' into text field 'id=email-id'.</msg>
<arg>${LOGIN_EMAIL}</arg>
<arg>${VALID_USERNAME_AUTOMATION}</arg>
<doc>Types the given ``text`` into the text field identified by ``locator``.</doc>
<status status="PASS" start="2025-08-03T16:51:00.781212" elapsed="1.749099"/>
</kw>
<kw name="Input Password" owner="SeleniumLibrary">
<msg time="2025-08-03T16:51:02.531190" level="INFO">Typing password into text field 'id=password'.</msg>
<msg time="2025-08-03T16:51:03.601806" level="INFO">Temporally setting log level to: NONE</msg>
<arg>${LOGIN_PASSWORD}</arg>
<arg>${VALID_PASSWORD_AUTOMATION}</arg>
<doc>Types the given password into the text field identified by ``locator``.</doc>
<status status="PASS" start="2025-08-03T16:51:02.530679" elapsed="1.737130"/>
</kw>
<doc>Saisie des identifiants valides.</doc>
<status status="PASS" start="2025-08-03T16:51:00.780316" elapsed="3.487736"/>
</kw>
<kw name="Submit Login Form" owner="common">
<kw name="Click Element" owner="SeleniumLibrary">
<msg time="2025-08-03T16:51:04.269893" level="INFO">Clicking element 'id=submit-id'.</msg>
<arg>${LOGIN_SUBMIT_BUTTON}</arg>
<doc>Click the element identified by ``locator``.</doc>
<status status="PASS" start="2025-08-03T16:51:04.269424" elapsed="1.150231"/>
</kw>
<kw name="Wait Until Page Contains Element" owner="SeleniumLibrary">
<arg>${CONTACTS_TABLE}</arg>
<arg>5s</arg>
<doc>Waits until the element ``locator`` appears on the current page.</doc>
<status status="PASS" start="2025-08-03T16:51:05.420405" elapsed="0.541730"/>
</kw>
<doc>Soumet le formulaire de connexion.</doc>
<status status="PASS" start="2025-08-03T16:51:04.268794" elapsed="1.693872"/>
</kw>
<kw name="Go To Customers Page" owner="common">
<kw name="Wait Until Page Contains Element" owner="SeleniumLibrary">
<arg>xpath=//table[@id='customers']</arg>
<arg>10s</arg>
<doc>Waits until the element ``locator`` appears on the current page.</doc>
<status status="PASS" start="2025-08-03T16:51:05.964126" elapsed="0.527819"/>
</kw>
<doc>Navigue vers la page Clients.</doc>
<status status="PASS" start="2025-08-03T16:51:05.963592" elapsed="0.528739"/>
</kw>
<kw name="Click New Customer Button" owner="common">
<kw name="Click Element" owner="SeleniumLibrary">
<msg time="2025-08-03T16:51:06.494235" level="INFO">Clicking element 'id=new-customer'.</msg>
<arg>id=new-customer</arg>
<doc>Click the element identified by ``locator``.</doc>
<status status="PASS" start="2025-08-03T16:51:06.493904" elapsed="1.359748"/>
</kw>
<kw name="Wait Until Page Contains Element" owner="SeleniumLibrary">
<arg>xpath=//form[@action='customer-success.html']</arg>
<arg>10s</arg>
<doc>Waits until the element ``locator`` appears on the current page.</doc>
<status status="PASS" start="2025-08-03T16:51:07.854107" elapsed="0.525992"/>
</kw>
<doc>Clique sur le bouton pour ajouter un nouveau client.</doc>
<status status="PASS" start="2025-08-03T16:51:06.493133" elapsed="1.887359"/>
</kw>
<kw name="Click Cancel Customer Button" owner="common">
<kw name="Click Link" owner="SeleniumLibrary">
<msg time="2025-08-03T16:51:08.383225" level="INFO">Clicking link 'xpath=//a[contains(text(),'Cancel')]'.</msg>
<arg>xpath=//a[contains(text(),'Cancel')]</arg>
<doc>Clicks a link identified by ``locator``.</doc>
<status status="PASS" start="2025-08-03T16:51:08.382710" elapsed="2.046704"/>
</kw>
<kw name="Wait Until Page Contains" owner="SeleniumLibrary">
<arg>Our Happy Customers</arg>
<arg>10s</arg>
<doc>Waits until ``text`` appears on the current page.</doc>
<status status="PASS" start="2025-08-03T16:51:10.429734" elapsed="0.535491"/>
</kw>
<doc>Clique sur le bouton "Cancel" sur le formulaire d’ajout de client.</doc>
<status status="PASS" start="2025-08-03T16:51:08.382024" elapsed="2.583481"/>
</kw>
<kw name="Verify Multiple Customers Displayed" owner="common">
<kw name="Get Element Count" owner="SeleniumLibrary">
<msg time="2025-08-03T16:51:11.490094" level="INFO">${rows} = 6</msg>
<var>${rows}</var>
<arg>xpath=//table[@id='customers']//tbody/tr</arg>
<doc>Returns the number of elements matching ``locator``.</doc>
<status status="PASS" start="2025-08-03T16:51:10.967197" elapsed="0.522999"/>
</kw>
<kw name="Should Be True" owner="BuiltIn">
<arg>${rows} &gt; 1</arg>
<doc>Fails if the given condition is not true.</doc>
<status status="PASS" start="2025-08-03T16:51:11.490499" elapsed="0.000429"/>
</kw>
<doc>Vérifie que plusieurs clients sont affichés dans la liste.</doc>
<status status="PASS" start="2025-08-03T16:51:10.966581" elapsed="0.524475"/>
</kw>
<kw name="Run Keywords" owner="BuiltIn" type="TEARDOWN">
<kw name="Capture Screenshot If Test Failed" owner="common">
<kw name="Run Keyword If Test Failed" owner="BuiltIn">
<arg>Capture Page Screenshot</arg>
<doc>Runs the given keyword with the given arguments, if the test failed.</doc>
<status status="PASS" start="2025-08-03T16:51:11.492597" elapsed="0.000120"/>
</kw>
<kw name="Run Keyword If Test Failed" owner="BuiltIn">
<arg>Log Source</arg>
<doc>Runs the given keyword with the given arguments, if the test failed.</doc>
<status status="PASS" start="2025-08-03T16:51:11.492861" elapsed="0.000094"/>
</kw>
<doc>Capture une capture d’écran si le test échoue.</doc>
<status status="PASS" start="2025-08-03T16:51:11.492226" elapsed="0.000807"/>
</kw>
<kw name="Logout User" owner="common">
<kw name="Click Element" owner="SeleniumLibrary">
<msg time="2025-08-03T16:51:11.493797" level="INFO">Clicking element 'xpath=/html/body/nav/ul/li/a'.</msg>
<arg>${LOGOUT_LINK}</arg>
<doc>Click the element identified by ``locator``.</doc>
<status status="PASS" start="2025-08-03T16:51:11.493545" elapsed="1.248530"/>
</kw>
<doc>Effectue la déconnexion.</doc>
<status status="PASS" start="2025-08-03T16:51:11.493239" elapsed="1.249145"/>
</kw>
<arg>Capture Screenshot If Test Failed</arg>
<arg>AND</arg>
<arg>Logout User</arg>
<doc>Executes all the given keywords in a sequence.</doc>
<status status="PASS" start="2025-08-03T16:51:11.491827" elapsed="1.250666"/>
</kw>
<doc>Vérifie que l’utilisateur peut annuler l’ajout d’un client et revenir à la liste.</doc>
<status status="PASS" start="2025-08-03T16:50:58.257298" elapsed="14.485822"/>
</test>
<kw name="Fermer le navigateur proprement" owner="common" type="TEARDOWN">
<kw name="Close Browser" owner="SeleniumLibrary">
<doc>Closes the current browser.</doc>
<status status="PASS" start="2025-08-03T16:51:12.745584" elapsed="2.683465"/>
</kw>
<doc>Ferme proprement le navigateur.</doc>
<status status="PASS" start="2025-08-03T16:51:12.745213" elapsed="2.684078"/>
</kw>
<doc>Suite de test d'authentification CRM</doc>
<status status="PASS" start="2025-08-03T16:49:09.294967" elapsed="126.134412"/>
</suite>
<statistics>
<total>
<stat pass="8" fail="0" skip="0">All Tests</stat>
</total>
<tag>
</tag>
<suite>
<stat name="Customer Service" id="s1" pass="8" fail="0" skip="0">Customer Service</stat>
</suite>
</statistics>
<errors>
</errors>
</robot>
